

!CONFIGURATION: 'Debug' (com.ti.ccstudio.buildDefinitions.TMS470.Debug.534492546) [Wed Jan 13 21:28:12 EST 2021]

	!TOOL: 'GNU Compiler' (com.ti.ccstudio.buildDefinitions.TMS470_GNU_9.0.exe.compilerDebug.1005181434)

		!WARNING: Unresolved target-tool option 'com.ti.ccstudio.buildDefinitions.TMS470_GNU_9.0.compilerID.OTHER_ASM_FLAGS'

!ERROR: java.lang.IllegalArgumentException: Path must include project and resource name: /dpp-qv.ld
	at org.eclipse.core.runtime.Assert.isLegal(Assert.java:66)
	at org.eclipse.core.internal.resources.Workspace.newResource(Workspace.java:2128)
	at org.eclipse.core.internal.resources.Container.getFile(Container.java:196)
	at com.ti.ccstudio.project.core.internal.initializer.CCSConfigurationInitializer.importDeviceFile(CCSConfigurationInitializer.java:1067)
	at com.ti.ccstudio.project.core.internal.initializer.CCSConfigurationInitializer.importDeviceLinkerCommandFile(CCSConfigurationInitializer.java:1113)
	at com.ti.ccstudio.project.core.internal.initializer.CCSConfigurationInitializer.doInitializeConfiguration(CCSConfigurationInitializer.java:278)
	at com.ti.common.project.core.internal.initializer.AConfigurationInitializer.internalInitializeConfiguration(AConfigurationInitializer.java:312)
	at com.ti.common.project.core.internal.initializer.AConfigurationInitializer.initializeFromExisting(AConfigurationInitializer.java:141)
	at com.ti.common.project.ui.internal.properties.ConfigurationPropertiesPage.saveConfiguration(ConfigurationPropertiesPage.java:377)
	at com.ti.ccstudio.project.ui.internal.properties.GeneralSettingsPage.saveConfiguration(GeneralSettingsPage.java:1391)
	at com.ti.common.project.ui.internal.properties.ConfigurationPropertiesPage.forEach(ConfigurationPropertiesPage.java:330)
	at org.eclipse.cdt.ui.newui.AbstractPage$5.sendOK(AbstractPage.java:658)
	at org.eclipse.cdt.ui.newui.AbstractPage$5.run(AbstractPage.java:690)
	at org.eclipse.ui.actions.WorkspaceModifyDelegatingOperation.execute(WorkspaceModifyDelegatingOperation.java:71)
	at org.eclipse.ui.actions.WorkspaceModifyOperation.lambda$0(WorkspaceModifyOperation.java:110)
	at org.eclipse.core.internal.resources.Workspace.run(Workspace.java:2292)
	at org.eclipse.core.internal.resources.Workspace.run(Workspace.java:2317)
	at org.eclipse.ui.actions.WorkspaceModifyOperation.run(WorkspaceModifyOperation.java:131)
	at org.eclipse.jface.operation.ModalContext.runInCurrentThread(ModalContext.java:436)
	at org.eclipse.jface.operation.ModalContext.run(ModalContext.java:352)
	at org.eclipse.jface.dialogs.ProgressMonitorDialog.run(ProgressMonitorDialog.java:469)
	at org.eclipse.ui.internal.progress.ProgressManager$RunnableWithStatus.run(ProgressManager.java:1095)
	at org.eclipse.swt.custom.BusyIndicator.showWhile(BusyIndicator.java:72)
	at org.eclipse.ui.internal.progress.ProgressManager.lambda$25(ProgressManager.java:974)
	at org.eclipse.swt.widgets.Synchronizer.syncExec(Synchronizer.java:236)
	at org.eclipse.ui.internal.UISynchronizer.syncExec(UISynchronizer.java:146)
	at org.eclipse.swt.widgets.Display.syncExec(Display.java:4629)
	at org.eclipse.ui.internal.progress.ProgressManager.runInUI(ProgressManager.java:974)
	at org.eclipse.cdt.ui.newui.AbstractPage.performSave(AbstractPage.java:706)
	at org.eclipse.cdt.ui.newui.AbstractPage.performOk(AbstractPage.java:580)
	at com.ti.common.project.ui.internal.properties.BasePropertiesPage.performOk(BasePropertiesPage.java:135)
	at com.ti.ccstudio.project.ui.internal.properties.GeneralSettingsPage.performOk(GeneralSettingsPage.java:1409)
	at org.eclipse.jface.preference.PreferenceDialog$7.run(PreferenceDialog.java:906)
	at org.eclipse.core.runtime.SafeRunner.run(SafeRunner.java:45)
	at org.eclipse.ui.internal.JFaceUtil.lambda$0(JFaceUtil.java:47)
	at org.eclipse.jface.util.SafeRunnable.run(SafeRunnable.java:174)
	at org.eclipse.jface.preference.PreferenceDialog.okPressed(PreferenceDialog.java:890)
	at org.eclipse.ui.internal.dialogs.FilteredPreferenceDialog.okPressed(FilteredPreferenceDialog.java:461)
	at org.eclipse.jface.preference.PreferenceDialog.buttonPressed(PreferenceDialog.java:233)
	at org.eclipse.jface.dialogs.Dialog.lambda$0(Dialog.java:619)
	at org.eclipse.swt.events.SelectionListener$1.widgetSelected(SelectionListener.java:84)
	at org.eclipse.swt.widgets.TypedListener.handleEvent(TypedListener.java:252)
	at org.eclipse.swt.widgets.EventTable.sendEvent(EventTable.java:89)
	at org.eclipse.swt.widgets.Display.sendEvent(Display.java:4175)
	at org.eclipse.swt.widgets.Widget.sendEvent(Widget.java:1057)
	at org.eclipse.swt.widgets.Display.runDeferredEvents(Display.java:3988)
	at org.eclipse.swt.widgets.Display.readAndDispatch(Display.java:3587)
	at org.eclipse.jface.window.Window.runEventLoop(Window.java:823)
	at org.eclipse.jface.window.Window.open(Window.java:799)
	at org.eclipse.ui.dialogs.PropertyDialogAction.run(PropertyDialogAction.java:153)
	at org.eclipse.jface.action.Action.runWithEvent(Action.java:474)
	at org.eclipse.jface.action.ActionContributionItem.handleWidgetSelection(ActionContributionItem.java:579)
	at org.eclipse.jface.action.ActionContributionItem.lambda$4(ActionContributionItem.java:413)
	at org.eclipse.swt.widgets.EventTable.sendEvent(EventTable.java:89)
	at org.eclipse.swt.widgets.Display.sendEvent(Display.java:4175)
	at org.eclipse.swt.widgets.Widget.sendEvent(Widget.java:1057)
	at org.eclipse.swt.widgets.Display.runDeferredEvents(Display.java:3988)
	at org.eclipse.swt.widgets.Display.readAndDispatch(Display.java:3587)
	at org.eclipse.e4.ui.internal.workbench.swt.PartRenderingEngine$5.run(PartRenderingEngine.java:1160)
	at org.eclipse.core.databinding.observable.Realm.runWithDefault(Realm.java:338)
	at org.eclipse.e4.ui.internal.workbench.swt.PartRenderingEngine.run(PartRenderingEngine.java:1049)
	at org.eclipse.e4.ui.internal.workbench.E4Workbench.createAndRunUI(E4Workbench.java:155)
	at org.eclipse.ui.internal.Workbench.lambda$3(Workbench.java:660)
	at org.eclipse.core.databinding.observable.Realm.runWithDefault(Realm.java:338)
	at org.eclipse.ui.internal.Workbench.createAndRunWorkbench(Workbench.java:559)
	at org.eclipse.ui.PlatformUI.createAndRunWorkbench(PlatformUI.java:154)
	at org.eclipse.ui.internal.ide.application.IDEApplication.start(IDEApplication.java:150)
	at org.eclipse.equinox.internal.app.EclipseAppHandle.run(EclipseAppHandle.java:203)
	at org.eclipse.core.runtime.internal.adaptor.EclipseAppLauncher.runApplication(EclipseAppLauncher.java:137)
	at org.eclipse.core.runtime.internal.adaptor.EclipseAppLauncher.start(EclipseAppLauncher.java:107)
	at org.eclipse.core.runtime.adaptor.EclipseStarter.run(EclipseStarter.java:401)
	at org.eclipse.core.runtime.adaptor.EclipseStarter.run(EclipseStarter.java:255)
	at sun.reflect.NativeMethodAccessorImpl.invoke0(Native Method)
	at sun.reflect.NativeMethodAccessorImpl.invoke(Unknown Source)
	at sun.reflect.DelegatingMethodAccessorImpl.invoke(Unknown Source)
	at java.lang.reflect.Method.invoke(Unknown Source)
	at org.eclipse.equinox.launcher.Main.invokeFramework(Main.java:657)
	at org.eclipse.equinox.launcher.Main.basicRun(Main.java:594)
	at org.eclipse.equinox.launcher.Main.run(Main.java:1465)




!CONFIGURATION: 'Release' (com.ti.ccstudio.buildDefinitions.TMS470.Debug.534492546.1358541448) [Wed Jan 13 21:38:07 EST 2021]

	!TOOL: 'GNU Compiler' (com.ti.ccstudio.buildDefinitions.TMS470_GNU_7.0.exe.compilerDebug.2124812765)

		!WARNING: Unresolved target-tool option 'com.ti.ccstudio.buildDefinitions.TMS470_GNU_7.0.compilerID.OTHER_ASM_FLAGS'

