C:/qp_lab/qpc/doxygen/history.dox:2615: warning: Reached end of file while still inside a (nested) comment. Nesting level 2 (probable line reference: 503, 1)
C:/qp_lab/qpc/include/qep.h:312: warning: A define (QHSM_INIT) cannot be made a member of QHsm
C:/qp_lab/qpc/include/qep.h:332: warning: A define (QHSM_DISPATCH) cannot be made a member of QHsm
C:/qp_lab/qpc/include/qep.h:345: warning: A define (QHsm_state) cannot be made a member of QHsm
C:/qp_lab/qpc/include/qep.h:356: warning: A define (QHsm_childState) cannot be made a member of QHsm
C:/qp_lab/qpc/include/qep.h:447: warning: A define (QMsm_stateObj) cannot be made a member of QMsm
C:/qp_lab/qpc/include/qep.h:458: warning: A define (QMsm_childStateObj) cannot be made a member of QMsm
C:/qp_lab/qpc/include/qf.h:216: warning: A define (QACTIVE_START) cannot be made a member of QActive
C:/qp_lab/qpc/include/qf.h:251: warning: A define (QACTIVE_POST) cannot be made a member of QActive
C:/qp_lab/qpc/include/qf.h:291: warning: A define (QACTIVE_POST_X) cannot be made a member of QActive
C:/qp_lab/qpc/include/qf.h:314: warning: A define (QACTIVE_POST_LIFO) cannot be made a member of QActive
C:/qp_lab/qpc/src/qf_pkg.h:119: warning: argument 'me' from the argument list of QActive_start_ has multiple @param documentation sections
C:/qp_lab/qpc/src/qf_pkg.h:119: warning: argument 'prio' from the argument list of QActive_start_ has multiple @param documentation sections
C:/qp_lab/qpc/src/qf_pkg.h:119: warning: argument 'qSto' from the argument list of QActive_start_ has multiple @param documentation sections
C:/qp_lab/qpc/src/qf_pkg.h:119: warning: argument 'qLen' from the argument list of QActive_start_ has multiple @param documentation sections
C:/qp_lab/qpc/src/qf_pkg.h:119: warning: argument 'stkSto' from the argument list of QActive_start_ has multiple @param documentation sections
C:/qp_lab/qpc/src/qf_pkg.h:119: warning: argument 'stkSize' from the argument list of QActive_start_ has multiple @param documentation sections
C:/qp_lab/qpc/src/qf_pkg.h:119: warning: argument 'par' from the argument list of QActive_start_ has multiple @param documentation sections
C:/qp_lab/qpc/doxygen/history.dox:743: warning: explicit link request to 'QF_BASEPRI' could not be resolved
C:/qp_lab/qpc/doxygen/history.dox:935: warning: explicit link request to 'QF_SCHED_STAT_TYPE_' could not be resolved
C:/qp_lab/qpc/doxygen/history.dox:1221: warning: unable to resolve reference to 'avr' for \ref command
C:/qp_lab/qpc/doxygen/history.dox:1221: warning: unable to resolve reference to 'exa_avr' for \ref command
C:/qp_lab/qpc/doxygen/history.dox:1221: warning: unable to resolve reference to 'exa_avr' for \ref command
C:/qp_lab/qpc/doxygen/history.dox:1225: warning: unable to resolve reference to 'cmsis-rtx' for \ref command
C:/qp_lab/qpc/doxygen/history.dox:1235: warning: Found unknown command '@win32'
C:/qp_lab/qpc/doxygen/history.dox:2114: warning: explicit link request to 'if' could not be resolved
C:/qp_lab/qpc/doxygen/history.dox:2388: warning: Unsupported xml/html tag <qpc> found
C:/qp_lab/qpc/doxygen/history.dox:2395: warning: Unsupported xml/html tag <qpc> found
C:/qp_lab/qpc/doxygen/history.dox:2664: warning: explicit link request to 'XXX_onYYY()' could not be resolved
